<?xml version="1.0" encoding="UTF-8"?>
<!-- Generated by org.testng.reporters.JUnitReportReporter -->
<testsuite skipped="0" hostname="DESKTOP-S8RPS5V" name="test.PurchaseTest3" tests="6" failures="0" timestamp="01 Sep 2018 21:50:48 GMT" time="211.115" errors="0">
  <testcase name="navigation" time="27.737" classname="test.PurchaseTest3"/>
  <testcase name="navigation" time="27.414" classname="test.PurchaseTest3"/>
  <testcase name="navigation" time="25.849" classname="test.PurchaseTest3"/>
  <testcase name="navigation" time="33.365" classname="test.PurchaseTest3"/>
  <testcase name="navigation" time="41.830" classname="test.PurchaseTest3"/>
  <testcase name="navigation" time="54.920" classname="test.PurchaseTest3"/>
</testsuite> <!-- test.PurchaseTest3 -->
