<?xml version="1.0" encoding="UTF-8"?>
<!-- Generated by org.testng.reporters.JUnitReportReporter -->
<testsuite skipped="0" hostname="DESKTOP-S8RPS5V" name="test.PurchaseTest2" tests="2" failures="0" timestamp="01 Sep 2018 21:11:01 GMT" time="63.397" errors="0">
  <testcase name="navigation" time="27.447" classname="test.PurchaseTest2"/>
  <testcase name="navigation" time="35.950" classname="test.PurchaseTest2"/>
</testsuite> <!-- test.PurchaseTest2 -->
