<?xml version="1.0" encoding="UTF-8"?>
<!-- Generated by org.testng.reporters.JUnitReportReporter -->
<testsuite skipped="0" hostname="DESKTOP-S8RPS5V" name="com.Deep.RBCAutomationChallenge.RBCAutomationChallenge.PurchaseTest" tests="1" failures="0" timestamp="25 Aug 2018 08:02:17 GMT" time="15.663" errors="0">
  <testcase name="navigation" time="15.663" classname="com.Deep.RBCAutomationChallenge.RBCAutomationChallenge.PurchaseTest"/>
</testsuite> <!-- com.Deep.RBCAutomationChallenge.RBCAutomationChallenge.PurchaseTest -->
